/*C6*/SET SCHEMA PUBLIC
create table Categoria(id integer generated by default as identity primary key, nome varchar(255))
alter table Produto add column categoria_id integer
INSERT INTO CATEGORIA VALUES(1,'pc')
COMMIT
INSERT INTO CATEGORIA VALUES(2,'notebook')
COMMIT
INSERT INTO CATEGORIA VALUES(3,'periferico')
COMMIT
DELETE FROM PRODUTO WHERE ID=1
INSERT INTO PRODUTO VALUES(1,'pc gamer','i7 16gb com 480sdd',1)
COMMIT
DELETE FROM PRODUTO WHERE ID=2
DELETE FROM PRODUTO WHERE ID=7
DELETE FROM PRODUTO WHERE ID=8
INSERT INTO PRODUTO VALUES(2,'notebook gamer','i5 16gb com 250sdd',2)
INSERT INTO PRODUTO VALUES(7,'Notebook Razer','Notebook para gamers',2)
INSERT INTO PRODUTO VALUES(8,'Notebook Asus','Notebook para gamers',2)
COMMIT
DELETE FROM PRODUTO WHERE ID=3
INSERT INTO PRODUTO VALUES(3,'Mouse Razer','mouse 300000 dpi Naga',3)
COMMIT
/*C7*/SET SCHEMA PUBLIC
DISCONNECT
/*C8*/SET SCHEMA PUBLIC
DISCONNECT
/*C9*/SET SCHEMA PUBLIC
DISCONNECT
/*C10*/SET SCHEMA PUBLIC
DISCONNECT
/*C11*/SET SCHEMA PUBLIC
DISCONNECT
/*C12*/SET SCHEMA PUBLIC
DISCONNECT
/*C13*/SET SCHEMA PUBLIC
DISCONNECT
/*C6*/INSERT INTO PRODUTO VALUES(9,'mousepad tomb raider razer','mousepad speed',3)
COMMIT
/*C14*/SET SCHEMA PUBLIC
DISCONNECT
/*C15*/SET SCHEMA PUBLIC
DISCONNECT
/*C16*/SET SCHEMA PUBLIC
DISCONNECT
/*C6*/DELETE FROM PRODUTO WHERE ID=9
INSERT INTO PRODUTO VALUES(9,'mousepad tomb raider razer','mousepad speed',0)
COMMIT
/*C17*/SET SCHEMA PUBLIC
DISCONNECT
/*C6*/DELETE FROM PRODUTO WHERE ID=9
INSERT INTO PRODUTO VALUES(9,'mousepad tomb raider razer','mousepad speed',1)
COMMIT
DELETE FROM PRODUTO WHERE ID=3
INSERT INTO PRODUTO VALUES(3,'Mouse Razer','mouse 300000 dpi Naga',1)
COMMIT
DELETE FROM PRODUTO WHERE ID=1
DELETE FROM PRODUTO WHERE ID=2
DELETE FROM PRODUTO WHERE ID=3
DELETE FROM PRODUTO WHERE ID=7
DELETE FROM PRODUTO WHERE ID=8
DELETE FROM PRODUTO WHERE ID=9
INSERT INTO PRODUTO VALUES(1,'pc gamer','i7 16gb com 480sdd',3)
INSERT INTO PRODUTO VALUES(2,'notebook gamer','i5 16gb com 250sdd',3)
INSERT INTO PRODUTO VALUES(3,'Mouse Razer','mouse 300000 dpi Naga',3)
INSERT INTO PRODUTO VALUES(7,'Notebook Razer','Notebook para gamers',3)
INSERT INTO PRODUTO VALUES(8,'Notebook Asus','Notebook para gamers',3)
INSERT INTO PRODUTO VALUES(9,'mousepad tomb raider razer','mousepad speed',3)
COMMIT
/*C18*/SET SCHEMA PUBLIC
DISCONNECT
/*C19*/SET SCHEMA PUBLIC
DISCONNECT
